<?xml version="1.0" encoding="UTF-8"?>
<testsuite name="com.izumi_it_test.CarStateBufferTest" tests="1" skipped="0" failures="0" errors="0" timestamp="2022-05-31T13:48:37" hostname="macbook" time="14.684">
  <properties/>
  <testcase name="getLastFilteredTest" classname="com.izumi_it_test.CarStateBufferTest" time="14.684"/>
  <system-out><![CDATA[0
0
0
0
0
0
0
0
0
0
0
0
0
0
0
0
0
0
0
0
0
0
0
0
0
0
0
0
0
0
0
0
0
0
0
0
0
0
0
0
0
0
0
0
0
0
0
0
0
0
0
0
0
0
0
0
0
0
0
0
0
0
0
0
0
0
0
0
0
0
0
0
0
0
0
0
0
0
0
0
0
0
0
0
0
0
0
0
0
0
0
0
0
0
0
0
0
0
0
0
0
0
0
0
0
0
0
0
0
0
0
0
0
0
0
0
0
0
0
0
0
0
0
0
0
0
0
0
0
0
0
0
0
0
0
0
0
0
0
0
0
0
0
0
0
0
0
0
0
0
0
0
0
0
0
0
0
0
0
0
0
0
0
0
0
0
0
0
0
0
0
0
0
0
0
0
0
0
0
0
0
0
0
0
0
0
0
0
0
0
0
0
0
0
0
0
0
0
0
0
0
0
0
0
0
0
0
0
0
0
0
0
0
0
0
0
0
0
0
0
0
0
0
0
0
0
0
0
0
0
0
0
0
0
0
0
0
0
0
0
0
0
0
0
0
0
0
0
0
0
0
0
0
0
0
0
0
0
0
0
0
0
0
0
0
0
0
0
0
0
0
0
0
0
0
0
0
0
0
0
0
0
0
0
0
0
0
0
0
0
0
0
0
0
0
0
0
0
0
0
0
0
0
0
0
0
0
0
0
0
0
0
0
0
0
0
0
0
0
0
0
0
0
0
0
0
0
0
0
0
0
0
0
0
0
0
0
0
0
0
0
0
0
0
0
0
0
0
0
0
0
0
0
0
0
0
0
0
0
0
0
0
0
0
0
0
0
0
0
0
0
0
0
0
0
0
0
0
0
0
0
0
0
0
0
0
0
0
0
0
0
0
0
0
0
0
0
0
0
0
0
0
0
0
0
0
0
0
0
0
0
0
0
0
0
0
0
0
0
0
0
0
0
0
0
0
0
0
0
0
0
0
0
0
0
0
0
0
0
0
0
0
0
0
0
0
0
0
0
0
0
0
0
0
0
0
0
0
0
0
0
0
0
0
0
0
0
0
0
0
0
0
0
0
0
0
0
0
0
0
0
0
0
0
0
0
0
0
0
0
0
0
0
0
0
0
0
0
0
0
0
0
0
0
0
0
0
0
0
0
0
0
0
0
0
0
0
0
0
0
0
0
555
554
553
551
551
551
549
548
547
547
547
544
544
543
541
539
540
538
538
536
536
534
533
532
532
531
529
529
528
528
526
524
525
522
519
519
518
518
518
517
516
516
515
514
513
512
511
509
505
506
505
505
505
502
498
496
495
495
494
494
493
492
490
489
490
488
487
484
483
481
482
481
480
479
478
478
478
476
477
476
475
474
471
470
472
470
469
469
468
468
467
468
468
466
465
462
462
460
460
460
458
458
455
454
454
451
451
449
449
447
446
445
445
445
444
443
442
442
441
440
439
438
435
434
433
433
433
431
430
428
425
424
421
418
418
417
415
417
415
414
412
412
413
410
410
408
408
403
402
400
400
399
397
396
396
396
395
394
394
392
391
391
389
389
388
387
387
385
384
383
382
380
382
380
379
379
377
377
377
378
376
373
371
372
370
370
367
366
363
363
363
362
361
361
361
356
356
356
356
356
355
357
357
355
354
354
353
349
351
348
346
344
343
343
342
339
339
338
335
331
330
330
329
329
328
328
325
325
324
321
321
321
320
320
317
321
319
316
316
315
314
311
312
312
310
310
309
307
306
304
303
303
303
303
297
296
296
293
293
288
287
289
284
285
284
284
283
281
281
281
284
279
281
281
279
279
276
276
276
274
273
270
270
270
270
268
268
265
266
266
266
262
262
261
261
260
260
256
257
256
254
253
253
253
252
251
250
248
246
244
243
242
241
240
240
239
238
235
235
235
232
231
230
228
226
224
225
222
221
221
220
216
216
213
213
213
213
212
211
210
210
208
208
207
207
207
205
205
205
203
203
203
200
199
197
197
196
195
195
194
194
193
192
191
190
192
191
188
187
185
185
185
185
185
185
184
183
180
180
179
178
175
174
173
172
172
171
171
169
169
168
167
166
164
163
164
162
161
158
158
158
156
152
151
150
149
148
147
145
145
144
141
141
139
137
135
134
134
132
132
132
131
130
129
126
124
124
122
120
118
118
118
116
119
115
112
111
111
109
110
112
110
110
109
109
107
106
105
104
103
102
102
102
99
98
97
95
93
93
93
95
93
89
89
89
88
87
86
84
83
79
81
77
77
76
76
73
72
72
69
69
67
67
64
64
64
63
62
61
61
59
59
58
55
55
53
53
54
52
48
51
50
]]></system-out>
  <system-err><![CDATA[]]></system-err>
</testsuite>
